<?xml version="1.0" encoding="UTF-8"?>
<!-- Generated by org.testng.reporters.JUnitXMLReporter -->
<testsuite ignored="0" hostname="5410-TI12897" failures="0" tests="11" name="Default test" time="0.228" errors="0" timestamp="2025-12-03T09:20:57 IST">
  <testcase classname="TestNG.ThreadPoolSize" name="testcase" time="0.033"/>
  <testcase classname="TestNG.ThreadPoolSize" name="testcase" time="0.032"/>
  <testcase classname="TestNG.ThreadPoolSize" name="testcase" time="0.032"/>
  <testcase classname="TestNG.ThreadPoolSize" name="testcase" time="0.034"/>
  <testcase classname="TestNG.ThreadPoolSize" name="testcase" time="0.039"/>
  <testcase classname="TestNG.ThreadPoolSize" name="testcase" time="0.032"/>
  <testcase classname="TestNG.ThreadPoolSize" name="testcase" time="0.034"/>
  <testcase classname="TestNG.ThreadPoolSize" name="testcase" time="0.033"/>
  <testcase classname="TestNG.ThreadPoolSize" name="testcase" time="0.043"/>
  <testcase classname="TestNG.ThreadPoolSize" name="testcase" time="0.034"/>
  <testcase classname="TestNG.ThreadPoolSize" name="testcase1" time="0.004"/>
</testsuite> <!-- Default test -->
