<?xml version="1.0" encoding="UTF-8"?>
<!-- Generated by org.testng.reporters.JUnitXMLReporter -->
<testsuite ignored="0" hostname="DESKTOP-U5M4M4N" failures="0" tests="12" name="Default test" time="0.087" errors="0" timestamp="2025-09-30T08:20:48 IST">
  <testcase classname="TestNG.Groups" name="testDashboard" time="0.008"/>
  <testcase classname="TestNG.Groups" name="testLogin" time="0.001"/>
  <testcase classname="TestNG.Groups" name="testNoGroup" time="0.002"/>
  <testcase classname="TestNG.Groups" name="testProfileUpdate" time="0.001"/>
  <testcase classname="TestNG.Groups2" name="testLogin" time="0.001"/>
  <testcase classname="TestNG.Groups2" name="testProfileUpdate" time="0.002"/>
  <testcase classname="TestNG.GroupDependencyTest" name="test1" time="0.002"/>
  <testcase classname="TestNG.GroupDependencyTest" name="test2" time="0.001"/>
  <testcase classname="TestNG.ExcludeGroup" name="test1" time="0.002"/>
  <testcase classname="TestNG.ExcludeGroup" name="test2" time="0.001"/>
  <testcase classname="TestNG.ExcludeGroup" name="test3" time="0.002"/>
  <testcase classname="TestNG.GroupDependencyTest" name="finalTest" time="0.001"/>
</testsuite> <!-- Default test -->
