<?xml version="1.0" encoding="UTF-8"?>
<!-- Generated by org.testng.reporters.JUnitXMLReporter -->
<testsuite ignored="0" hostname="DESKTOP-U5M4M4N" failures="1" tests="3" name="Test" time="0.061" errors="0" timestamp="2025-09-30T08:24:21 IST">
  <testcase classname="TestNG.GroupDependencyTest" name="test1" time="0.013"/>
  <testcase classname="TestNG.GroupDependencyTest" name="test2" time="0.006">
    <failure type="java.lang.AssertionError" message="expected [false] but found [true]">
      <![CDATA[java.lang.AssertionError: expected [false] but found [true]
at TestNG.GroupDependencyTest.test2(GroupDependencyTest.java:19)
at java.base/java.util.ArrayList.forEach(ArrayList.java:1596)
... Removed 29 stack frames]]>
    </failure>
  </testcase> <!-- test2 -->
  <testcase classname="TestNG.GroupDependencyTest" name="finalTest" time="0.0">
    <skipped/>
  </testcase> <!-- finalTest -->
</testsuite> <!-- Test -->
