<?xml version="1.0" encoding="UTF-8"?>
<testng-results ignored="0" total="1" passed="1" failed="0" skipped="0">
  <reporter-output>
  </reporter-output>
  <suite started-at="2025-12-25T16:37:10 IST" name="Default suite" finished-at="2025-12-25T16:37:10 IST" duration-ms="55">
    <groups>
    </groups>
    <test started-at="2025-12-25T16:37:10 IST" name="Default test" finished-at="2025-12-25T16:37:10 IST" duration-ms="55">
      <class name="ExcelAndJsonforDataDriveing.GetDataFromProperty">
        <test-method signature="getData()[pri:0, instance:ExcelAndJsonforDataDriveing.GetDataFromProperty@52f27fbd]" started-at="2025-12-25T16:37:10 IST" name="getData" finished-at="2025-12-25T16:37:10 IST" duration-ms="11" status="PASS">
          <reporter-output>
          </reporter-output>
        </test-method> <!-- getData -->
      </class> <!-- ExcelAndJsonforDataDriveing.GetDataFromProperty -->
    </test> <!-- Default test -->
  </suite> <!-- Default suite -->
</testng-results>
