<?xml version="1.0" encoding="UTF-8"?>
<!-- Generated by org.testng.reporters.JUnitReportReporter -->
<testsuite hostname="DESKTOP-U5M4M4N" failures="0" tests="3" name="TestNG.Parallel" time="0.030" errors="0" timestamp="2025-09-26T08:19:13 IST" skipped="0">
  <testcase classname="TestNG.Parallel" name="test2" time="0.010"/>
  <testcase classname="TestNG.Parallel" name="test3" time="0.010"/>
  <testcase classname="TestNG.Parallel" name="test1" time="0.010"/>
</testsuite> <!-- TestNG.Parallel -->
