<?xml version="1.0" encoding="UTF-8"?>
<!-- Generated by org.testng.reporters.JUnitReportReporter -->
<testsuite hostname="DESKTOP-U5M4M4N" failures="0" tests="3" name="TestNG.Exclude1" time="0.018" errors="0" timestamp="2025-09-30T07:47:16 IST" skipped="1">
  <testcase classname="TestNG.Exclude1" name="test1" time="0.009"/>
  <testcase classname="TestNG.Exclude1" name="test3" time="0.009"/>
  <testcase classname="TestNG.Exclude1" name="test2">
    <skipped/>
  </testcase> <!-- test2 -->
</testsuite> <!-- TestNG.Exclude1 -->
