<?xml version="1.0" encoding="UTF-8"?>
<!-- Generated by org.testng.reporters.JUnitReportReporter -->
<testsuite hostname="5410-TI12897" failures="0" tests="3" name="TestNG.DataProvider" time="0.020" errors="0" timestamp="2025-12-25T13:24:14 IST" skipped="0">
  <testcase classname="TestNG.DataProvider" name="Test1" time="0.002"/>
  <testcase classname="TestNG.DataProvider" name="Test1" time="0.003"/>
  <testcase classname="TestNG.DataProvider" name="Test1" time="0.015"/>
</testsuite> <!-- TestNG.DataProvider -->
