<?xml version="1.0" encoding="UTF-8"?>
<!-- Generated by org.testng.reporters.JUnitReportReporter -->
<testsuite hostname="DESKTOP-U5M4M4N" failures="0" tests="4" name="TestNG.Groups" time="0.012" errors="0" timestamp="2025-09-30T08:20:48 IST" skipped="0">
  <testcase classname="TestNG.Groups" name="testDashboard" time="0.008"/>
  <testcase classname="TestNG.Groups" name="testLogin" time="0.001"/>
  <testcase classname="TestNG.Groups" name="testNoGroup" time="0.002"/>
  <testcase classname="TestNG.Groups" name="testProfileUpdate" time="0.001"/>
</testsuite> <!-- TestNG.Groups -->
