<?xml version="1.0" encoding="UTF-8"?>
<!-- Generated by org.testng.reporters.JUnitReportReporter -->
<testsuite hostname="5410-TI12897" failures="0" tests="2" name="ExcelAndJsonforDataDriveing.GetDataFromExcel" time="1.509" errors="0" timestamp="2025-12-25T14:00:22 IST" skipped="0">
  <testcase classname="ExcelAndJsonforDataDriveing.GetDataFromExcel" name="getTestDataFromExcel" time="1.082"/>
  <testcase classname="ExcelAndJsonforDataDriveing.GetDataFromExcel" name="putAndGetTheCellValue" time="0.427"/>
</testsuite> <!-- ExcelAndJsonforDataDriveing.GetDataFromExcel -->
