<?xml version="1.0" encoding="UTF-8"?>
<!-- Generated by org.testng.reporters.JUnitReportReporter -->
<testsuite hostname="5410-TI12897" failures="0" tests="11" name="TestNG.ThreadPoolSize" time="0.350" errors="0" timestamp="2025-12-03T09:20:58 IST" skipped="0">
  <testcase classname="TestNG.ThreadPoolSize" name="testcase" time="0.032"/>
  <testcase classname="TestNG.ThreadPoolSize" name="testcase" time="0.034"/>
  <testcase classname="TestNG.ThreadPoolSize" name="testcase" time="0.043"/>
  <testcase classname="TestNG.ThreadPoolSize" name="testcase" time="0.034"/>
  <testcase classname="TestNG.ThreadPoolSize" name="testcase" time="0.033"/>
  <testcase classname="TestNG.ThreadPoolSize" name="testcase" time="0.039"/>
  <testcase classname="TestNG.ThreadPoolSize" name="testcase" time="0.034"/>
  <testcase classname="TestNG.ThreadPoolSize" name="testcase1" time="0.004"/>
  <testcase classname="TestNG.ThreadPoolSize" name="testcase" time="0.032"/>
  <testcase classname="TestNG.ThreadPoolSize" name="testcase" time="0.033"/>
  <testcase classname="TestNG.ThreadPoolSize" name="testcase" time="0.032"/>
</testsuite> <!-- TestNG.ThreadPoolSize -->
