<?xml version="1.0" encoding="UTF-8"?>
<!-- Generated by org.testng.reporters.JUnitReportReporter -->
<testsuite hostname="5410-TI12897" failures="0" tests="11" name="TestNG.InvocationCount" time="0.030" errors="0" timestamp="2025-12-03T09:12:47 IST" skipped="0">
  <testcase classname="TestNG.InvocationCount" name="testcase1" time="0.002"/>
  <testcase classname="TestNG.InvocationCount" name="testcase" time="0.013"/>
  <testcase classname="TestNG.InvocationCount" name="testcase" time="0.002"/>
  <testcase classname="TestNG.InvocationCount" name="testcase" time="0.002"/>
  <testcase classname="TestNG.InvocationCount" name="testcase" time="0.001"/>
  <testcase classname="TestNG.InvocationCount" name="testcase" time="0.001"/>
  <testcase classname="TestNG.InvocationCount" name="testcase" time="0.001"/>
  <testcase classname="TestNG.InvocationCount" name="testcase" time="0.002"/>
  <testcase classname="TestNG.InvocationCount" name="testcase" time="0.002"/>
  <testcase classname="TestNG.InvocationCount" name="testcase" time="0.002"/>
  <testcase classname="TestNG.InvocationCount" name="testcase" time="0.002"/>
</testsuite> <!-- TestNG.InvocationCount -->
