<?xml version="1.0" encoding="UTF-8"?>
<!-- Generated by org.testng.reporters.JUnitReportReporter -->
<testsuite hostname="DESKTOP-U5M4M4N" failures="0" tests="3" name="TestNG.ExcludeGroup" time="0.005" errors="0" timestamp="2025-09-30T08:20:48 IST" skipped="0">
  <testcase classname="TestNG.ExcludeGroup" name="test2" time="0.001"/>
  <testcase classname="TestNG.ExcludeGroup" name="test1" time="0.002"/>
  <testcase classname="TestNG.ExcludeGroup" name="test3" time="0.002"/>
</testsuite> <!-- TestNG.ExcludeGroup -->
