<?xml version="1.0" encoding="UTF-8"?>
<!-- Generated by org.testng.reporters.JUnitReportReporter -->
<testsuite hostname="DESKTOP-U5M4M4N" failures="0" tests="4" name="TestNG.DataProvider" time="0.016" errors="0" timestamp="2025-09-25T22:53:01 IST" skipped="0">
  <testcase classname="TestNG.DataProvider" name="Test1" time="0.005"/>
  <testcase classname="TestNG.DataProvider" name="Test1" time="0.002"/>
  <testcase classname="TestNG.DataProvider" name="Test1" time="0.007"/>
  <testcase classname="TestNG.DataProvider" name="Test1" time="0.002"/>
</testsuite> <!-- TestNG.DataProvider -->
